{"/Users/timoduizhang/WebstormProjects/velo-kit/src/App.vue": {"path":"/Users/timoduizhang/WebstormProjects/velo-kit/src/App.vue","all":true,"statementMap":{"0":{"start":{"line":1,"column":0},"end":{"line":1,"column":24}},"1":{"start":{"line":2,"column":0},"end":{"line":2,"column":52}},"2":{"start":{"line":3,"column":0},"end":{"line":3,"column":9}},"3":{"start":{"line":4,"column":0},"end":{"line":4,"column":0}},"4":{"start":{"line":5,"column":0},"end":{"line":5,"column":10}},"5":{"start":{"line":6,"column":0},"end":{"line":6,"column":7}},"6":{"start":{"line":7,"column":0},"end":{"line":7,"column":51}},"7":{"start":{"line":8,"column":0},"end":{"line":8,"column":49}},"8":{"start":{"line":9,"column":0},"end":{"line":9,"column":68}},"9":{"start":{"line":10,"column":0},"end":{"line":10,"column":8}},"10":{"start":{"line":11,"column":0},"end":{"line":11,"column":8}},"11":{"start":{"line":12,"column":0},"end":{"line":12,"column":34}},"12":{"start":{"line":13,"column":0},"end":{"line":13,"column":11}},"13":{"start":{"line":14,"column":0},"end":{"line":14,"column":0}},"14":{"start":{"line":15,"column":0},"end":{"line":15,"column":14}},"15":{"start":{"line":16,"column":0},"end":{"line":16,"column":7}},"16":{"start":{"line":17,"column":0},"end":{"line":17,"column":14}},"17":{"start":{"line":18,"column":0},"end":{"line":18,"column":17}},"18":{"start":{"line":19,"column":0},"end":{"line":19,"column":22}},"19":{"start":{"line":20,"column":0},"end":{"line":20,"column":27}},"20":{"start":{"line":21,"column":0},"end":{"line":21,"column":1}},"21":{"start":{"line":22,"column":0},"end":{"line":22,"column":13}},"22":{"start":{"line":23,"column":0},"end":{"line":23,"column":41}},"23":{"start":{"line":24,"column":0},"end":{"line":24,"column":1}},"24":{"start":{"line":25,"column":0},"end":{"line":25,"column":17}},"25":{"start":{"line":26,"column":0},"end":{"line":26,"column":41}},"26":{"start":{"line":27,"column":0},"end":{"line":27,"column":1}},"27":{"start":{"line":28,"column":0},"end":{"line":28,"column":8}}},"s":{"0":0,"1":0,"2":0,"3":0,"4":0,"5":0,"6":0,"7":0,"8":0,"9":0,"10":0,"11":0,"12":0,"13":0,"14":0,"15":0,"16":0,"17":0,"18":0,"19":0,"20":0,"21":0,"22":0,"23":0,"24":0,"25":0,"26":0,"27":0},"branchMap":{"0":{"type":"branch","line":1,"loc":{"start":{"line":1,"column":0},"end":{"line":28,"column":8}},"locations":[{"start":{"line":1,"column":0},"end":{"line":28,"column":8}}]}},"b":{"0":[0]},"fnMap":{"0":{"name":"(empty-report)","decl":{"start":{"line":1,"column":0},"end":{"line":28,"column":8}},"loc":{"start":{"line":1,"column":0},"end":{"line":28,"column":8}},"line":1}},"f":{"0":0}}
,"/Users/timoduizhang/WebstormProjects/velo-kit/src/index.ts": {"path":"/Users/timoduizhang/WebstormProjects/velo-kit/src/index.ts","all":true,"statementMap":{"0":{"start":{"line":1,"column":0},"end":{"line":1,"column":22}}},"s":{"0":0},"branchMap":{"0":{"type":"branch","line":1,"loc":{"start":{"line":1,"column":0},"end":{"line":1,"column":22}},"locations":[{"start":{"line":1,"column":0},"end":{"line":1,"column":22}}]}},"b":{"0":[0]},"fnMap":{"0":{"name":"(empty-report)","decl":{"start":{"line":1,"column":0},"end":{"line":1,"column":22}},"loc":{"start":{"line":1,"column":0},"end":{"line":1,"column":22}},"line":1}},"f":{"0":0}}
,"/Users/timoduizhang/WebstormProjects/velo-kit/src/main.ts": {"path":"/Users/timoduizhang/WebstormProjects/velo-kit/src/main.ts","all":true,"statementMap":{"0":{"start":{"line":1,"column":0},"end":{"line":1,"column":31}},"1":{"start":{"line":2,"column":0},"end":{"line":2,"column":27}},"2":{"start":{"line":3,"column":0},"end":{"line":3,"column":0}},"3":{"start":{"line":4,"column":0},"end":{"line":4,"column":28}}},"s":{"0":0,"1":0,"2":0,"3":0},"branchMap":{"0":{"type":"branch","line":1,"loc":{"start":{"line":1,"column":0},"end":{"line":4,"column":28}},"locations":[{"start":{"line":1,"column":0},"end":{"line":4,"column":28}}]}},"b":{"0":[0]},"fnMap":{"0":{"name":"(empty-report)","decl":{"start":{"line":1,"column":0},"end":{"line":4,"column":28}},"loc":{"start":{"line":1,"column":0},"end":{"line":4,"column":28}},"line":1}},"f":{"0":0}}
,"/Users/timoduizhang/WebstormProjects/velo-kit/src/Date/index.ts": {"path":"/Users/timoduizhang/WebstormProjects/velo-kit/src/Date/index.ts","all":false,"statementMap":{"0":{"start":{"line":1,"column":0},"end":{"line":1,"column":12}},"1":{"start":{"line":2,"column":0},"end":{"line":2,"column":39}},"2":{"start":{"line":3,"column":0},"end":{"line":3,"column":27}},"3":{"start":{"line":4,"column":0},"end":{"line":4,"column":24}},"4":{"start":{"line":5,"column":0},"end":{"line":5,"column":30}},"5":{"start":{"line":6,"column":0},"end":{"line":6,"column":29}},"6":{"start":{"line":7,"column":0},"end":{"line":7,"column":24}},"7":{"start":{"line":8,"column":0},"end":{"line":8,"column":1}},"8":{"start":{"line":9,"column":0},"end":{"line":9,"column":0}},"9":{"start":{"line":10,"column":0},"end":{"line":10,"column":20}},"10":{"start":{"line":11,"column":0},"end":{"line":11,"column":11}},"11":{"start":{"line":12,"column":0},"end":{"line":12,"column":81}},"12":{"start":{"line":13,"column":0},"end":{"line":13,"column":14}},"13":{"start":{"line":14,"column":0},"end":{"line":14,"column":1}},"14":{"start":{"line":15,"column":0},"end":{"line":15,"column":0}},"15":{"start":{"line":16,"column":0},"end":{"line":16,"column":3}},"16":{"start":{"line":17,"column":0},"end":{"line":17,"column":10}},"17":{"start":{"line":18,"column":0},"end":{"line":18,"column":30}},"18":{"start":{"line":19,"column":0},"end":{"line":19,"column":55}},"19":{"start":{"line":20,"column":0},"end":{"line":20,"column":37}},"20":{"start":{"line":21,"column":0},"end":{"line":21,"column":43}},"21":{"start":{"line":22,"column":0},"end":{"line":22,"column":44}},"22":{"start":{"line":23,"column":0},"end":{"line":23,"column":37}},"23":{"start":{"line":24,"column":0},"end":{"line":24,"column":31}},"24":{"start":{"line":25,"column":0},"end":{"line":25,"column":11}},"25":{"start":{"line":26,"column":0},"end":{"line":26,"column":18}},"26":{"start":{"line":27,"column":0},"end":{"line":27,"column":38}},"27":{"start":{"line":28,"column":0},"end":{"line":28,"column":33}},"28":{"start":{"line":29,"column":0},"end":{"line":29,"column":17}},"29":{"start":{"line":30,"column":0},"end":{"line":30,"column":15}},"30":{"start":{"line":31,"column":0},"end":{"line":31,"column":13}},"31":{"start":{"line":32,"column":0},"end":{"line":32,"column":5}},"32":{"start":{"line":33,"column":0},"end":{"line":33,"column":27}},"33":{"start":{"line":34,"column":0},"end":{"line":34,"column":3}},"34":{"start":{"line":35,"column":0},"end":{"line":35,"column":62}},"35":{"start":{"line":36,"column":0},"end":{"line":36,"column":9}},"36":{"start":{"line":37,"column":0},"end":{"line":37,"column":15}},"37":{"start":{"line":38,"column":0},"end":{"line":38,"column":35}},"38":{"start":{"line":39,"column":0},"end":{"line":39,"column":12}},"39":{"start":{"line":40,"column":0},"end":{"line":40,"column":17}},"40":{"start":{"line":41,"column":0},"end":{"line":41,"column":16}},"41":{"start":{"line":42,"column":0},"end":{"line":42,"column":13}},"42":{"start":{"line":43,"column":0},"end":{"line":43,"column":0}},"43":{"start":{"line":44,"column":0},"end":{"line":44,"column":9}},"44":{"start":{"line":45,"column":0},"end":{"line":45,"column":77}},"45":{"start":{"line":46,"column":0},"end":{"line":46,"column":40}},"46":{"start":{"line":47,"column":0},"end":{"line":47,"column":15}},"47":{"start":{"line":48,"column":0},"end":{"line":48,"column":5}},"48":{"start":{"line":49,"column":0},"end":{"line":49,"column":3}},"49":{"start":{"line":50,"column":0},"end":{"line":50,"column":0}},"50":{"start":{"line":51,"column":0},"end":{"line":51,"column":23}},"51":{"start":{"line":52,"column":0},"end":{"line":52,"column":41}},"52":{"start":{"line":53,"column":0},"end":{"line":53,"column":0}},"53":{"start":{"line":54,"column":0},"end":{"line":54,"column":41}},"54":{"start":{"line":55,"column":0},"end":{"line":55,"column":39}},"55":{"start":{"line":56,"column":0},"end":{"line":56,"column":0}},"56":{"start":{"line":57,"column":0},"end":{"line":57,"column":18}},"57":{"start":{"line":58,"column":0},"end":{"line":58,"column":14}},"58":{"start":{"line":59,"column":0},"end":{"line":59,"column":52}},"59":{"start":{"line":60,"column":0},"end":{"line":60,"column":30}},"60":{"start":{"line":61,"column":0},"end":{"line":61,"column":33}},"61":{"start":{"line":62,"column":0},"end":{"line":62,"column":37}},"62":{"start":{"line":63,"column":0},"end":{"line":63,"column":62}},"63":{"start":{"line":64,"column":0},"end":{"line":64,"column":10}},"64":{"start":{"line":65,"column":0},"end":{"line":65,"column":91}},"65":{"start":{"line":66,"column":0},"end":{"line":66,"column":55}},"66":{"start":{"line":67,"column":0},"end":{"line":67,"column":58}},"67":{"start":{"line":68,"column":0},"end":{"line":68,"column":62}},"68":{"start":{"line":69,"column":0},"end":{"line":69,"column":62}},"69":{"start":{"line":70,"column":0},"end":{"line":70,"column":3}},"70":{"start":{"line":71,"column":0},"end":{"line":71,"column":0}},"71":{"start":{"line":72,"column":0},"end":{"line":72,"column":28}},"72":{"start":{"line":73,"column":0},"end":{"line":73,"column":61}},"73":{"start":{"line":74,"column":0},"end":{"line":74,"column":60}},"74":{"start":{"line":75,"column":0},"end":{"line":75,"column":56}},"75":{"start":{"line":76,"column":0},"end":{"line":76,"column":57}},"76":{"start":{"line":77,"column":0},"end":{"line":77,"column":59}},"77":{"start":{"line":78,"column":0},"end":{"line":78,"column":62}},"78":{"start":{"line":79,"column":0},"end":{"line":79,"column":3}},"79":{"start":{"line":80,"column":0},"end":{"line":80,"column":0}},"80":{"start":{"line":81,"column":0},"end":{"line":81,"column":28}},"81":{"start":{"line":82,"column":0},"end":{"line":82,"column":0}},"82":{"start":{"line":83,"column":0},"end":{"line":83,"column":22}},"83":{"start":{"line":84,"column":0},"end":{"line":84,"column":32}},"84":{"start":{"line":85,"column":0},"end":{"line":85,"column":18}},"85":{"start":{"line":86,"column":0},"end":{"line":86,"column":5}},"86":{"start":{"line":87,"column":0},"end":{"line":87,"column":4}},"87":{"start":{"line":88,"column":0},"end":{"line":88,"column":0}},"88":{"start":{"line":89,"column":0},"end":{"line":89,"column":72}},"89":{"start":{"line":90,"column":0},"end":{"line":90,"column":0}},"90":{"start":{"line":91,"column":0},"end":{"line":91,"column":14}},"91":{"start":{"line":92,"column":0},"end":{"line":92,"column":69}},"92":{"start":{"line":93,"column":0},"end":{"line":93,"column":50}},"93":{"start":{"line":94,"column":0},"end":{"line":94,"column":14}},"94":{"start":{"line":95,"column":0},"end":{"line":95,"column":80}},"95":{"start":{"line":96,"column":0},"end":{"line":96,"column":24}},"96":{"start":{"line":97,"column":0},"end":{"line":97,"column":1}}},"s":{"0":1,"1":1,"2":1,"3":1,"4":1,"5":1,"6":1,"7":1,"8":1,"9":1,"10":1,"11":1,"12":1,"13":1,"14":1,"15":1,"16":1,"17":1,"18":1,"19":1,"20":1,"21":1,"22":1,"23":1,"24":1,"25":1,"26":1,"27":1,"28":1,"29":1,"30":1,"31":1,"32":1,"33":1,"34":1,"35":4,"36":4,"37":4,"38":4,"39":4,"40":4,"41":4,"42":4,"43":4,"44":4,"45":3,"46":2,"47":2,"48":3,"49":2,"50":2,"51":2,"52":2,"53":2,"54":2,"55":2,"56":2,"57":4,"58":0,"59":0,"60":0,"61":0,"62":0,"63":4,"64":2,"65":2,"66":2,"67":2,"68":2,"69":2,"70":2,"71":2,"72":4,"73":4,"74":4,"75":4,"76":4,"77":4,"78":4,"79":4,"80":4,"81":4,"82":4,"83":12,"84":12,"85":12,"86":4,"87":4,"88":4,"89":4,"90":4,"91":4,"92":4,"93":2,"94":4,"95":2,"96":2},"branchMap":{"0":{"type":"branch","line":35,"loc":{"start":{"line":35,"column":7},"end":{"line":97,"column":1}},"locations":[{"start":{"line":35,"column":7},"end":{"line":97,"column":1}}]},"1":{"type":"branch","line":45,"loc":{"start":{"line":45,"column":31},"end":{"line":45,"column":76}},"locations":[{"start":{"line":45,"column":31},"end":{"line":45,"column":76}}]},"2":{"type":"branch","line":45,"loc":{"start":{"line":45,"column":76},"end":{"line":49,"column":3}},"locations":[{"start":{"line":45,"column":76},"end":{"line":49,"column":3}}]},"3":{"type":"branch","line":46,"loc":{"start":{"line":46,"column":39},"end":{"line":48,"column":5}},"locations":[{"start":{"line":46,"column":39},"end":{"line":48,"column":5}}]},"4":{"type":"branch","line":49,"loc":{"start":{"line":49,"column":2},"end":{"line":58,"column":13}},"locations":[{"start":{"line":49,"column":2},"end":{"line":58,"column":13}}]},"5":{"type":"branch","line":58,"loc":{"start":{"line":58,"column":13},"end":{"line":64,"column":9}},"locations":[{"start":{"line":58,"column":13},"end":{"line":64,"column":9}}]},"6":{"type":"branch","line":64,"loc":{"start":{"line":64,"column":2},"end":{"line":73,"column":46}},"locations":[{"start":{"line":64,"column":2},"end":{"line":73,"column":46}}]},"7":{"type":"branch","line":73,"loc":{"start":{"line":73,"column":36},"end":{"line":73,"column":52}},"locations":[{"start":{"line":73,"column":36},"end":{"line":73,"column":52}}]},"8":{"type":"branch","line":73,"loc":{"start":{"line":73,"column":46},"end":{"line":73,"column":59}},"locations":[{"start":{"line":73,"column":46},"end":{"line":73,"column":59}}]},"9":{"type":"branch","line":74,"loc":{"start":{"line":74,"column":35},"end":{"line":74,"column":51}},"locations":[{"start":{"line":74,"column":35},"end":{"line":74,"column":51}}]},"10":{"type":"branch","line":74,"loc":{"start":{"line":74,"column":45},"end":{"line":74,"column":58}},"locations":[{"start":{"line":74,"column":45},"end":{"line":74,"column":58}}]},"11":{"type":"branch","line":75,"loc":{"start":{"line":75,"column":33},"end":{"line":75,"column":49}},"locations":[{"start":{"line":75,"column":33},"end":{"line":75,"column":49}}]},"12":{"type":"branch","line":75,"loc":{"start":{"line":75,"column":43},"end":{"line":75,"column":54}},"locations":[{"start":{"line":75,"column":43},"end":{"line":75,"column":54}}]},"13":{"type":"branch","line":76,"loc":{"start":{"line":76,"column":35},"end":{"line":76,"column":51}},"locations":[{"start":{"line":76,"column":35},"end":{"line":76,"column":51}}]},"14":{"type":"branch","line":76,"loc":{"start":{"line":76,"column":45},"end":{"line":76,"column":55}},"locations":[{"start":{"line":76,"column":45},"end":{"line":76,"column":55}}]},"15":{"type":"branch","line":77,"loc":{"start":{"line":77,"column":37},"end":{"line":77,"column":53}},"locations":[{"start":{"line":77,"column":37},"end":{"line":77,"column":53}}]},"16":{"type":"branch","line":77,"loc":{"start":{"line":77,"column":47},"end":{"line":77,"column":57}},"locations":[{"start":{"line":77,"column":47},"end":{"line":77,"column":57}}]},"17":{"type":"branch","line":78,"loc":{"start":{"line":78,"column":37},"end":{"line":78,"column":53}},"locations":[{"start":{"line":78,"column":37},"end":{"line":78,"column":53}}]},"18":{"type":"branch","line":78,"loc":{"start":{"line":78,"column":47},"end":{"line":78,"column":60}},"locations":[{"start":{"line":78,"column":47},"end":{"line":78,"column":60}}]},"19":{"type":"branch","line":92,"loc":{"start":{"line":92,"column":7},"end":{"line":92,"column":69}},"locations":[{"start":{"line":92,"column":7},"end":{"line":92,"column":69}}]},"20":{"type":"branch","line":92,"loc":{"start":{"line":92,"column":40},"end":{"line":92,"column":69}},"locations":[{"start":{"line":92,"column":40},"end":{"line":92,"column":69}}]},"21":{"type":"branch","line":93,"loc":{"start":{"line":93,"column":4},"end":{"line":93,"column":50}},"locations":[{"start":{"line":93,"column":4},"end":{"line":93,"column":50}}]},"22":{"type":"branch","line":93,"loc":{"start":{"line":93,"column":49},"end":{"line":95,"column":23}},"locations":[{"start":{"line":93,"column":49},"end":{"line":95,"column":23}}]},"23":{"type":"branch","line":95,"loc":{"start":{"line":95,"column":30},"end":{"line":97,"column":1}},"locations":[{"start":{"line":95,"column":30},"end":{"line":97,"column":1}}]},"24":{"type":"branch","line":83,"loc":{"start":{"line":83,"column":15},"end":{"line":87,"column":3}},"locations":[{"start":{"line":83,"column":15},"end":{"line":87,"column":3}}]},"25":{"type":"branch","line":89,"loc":{"start":{"line":89,"column":32},"end":{"line":89,"column":62}},"locations":[{"start":{"line":89,"column":32},"end":{"line":89,"column":62}}]}},"b":{"0":[4],"1":[2],"2":[3],"3":[2],"4":[2],"5":[0],"6":[2],"7":[1],"8":[1],"9":[1],"10":[1],"11":[1],"12":[1],"13":[1],"14":[1],"15":[1],"16":[1],"17":[1],"18":[1],"19":[1],"20":[0],"21":[1],"22":[2],"23":[2],"24":[12],"25":[12]},"fnMap":{"0":{"name":"dateToChinese","decl":{"start":{"line":35,"column":7},"end":{"line":97,"column":1}},"loc":{"start":{"line":35,"column":7},"end":{"line":97,"column":1}},"line":35}},"f":{"0":4}}
,"/Users/timoduizhang/WebstormProjects/velo-kit/src/components/HelloWorld.vue": {"path":"/Users/timoduizhang/WebstormProjects/velo-kit/src/components/HelloWorld.vue","all":true,"statementMap":{"0":{"start":{"line":1,"column":0},"end":{"line":1,"column":24}},"1":{"start":{"line":2,"column":0},"end":{"line":2,"column":25}},"2":{"start":{"line":3,"column":0},"end":{"line":3,"column":54}},"3":{"start":{"line":4,"column":0},"end":{"line":4,"column":0}},"4":{"start":{"line":5,"column":0},"end":{"line":5,"column":30}},"5":{"start":{"line":6,"column":0},"end":{"line":6,"column":0}},"6":{"start":{"line":7,"column":0},"end":{"line":7,"column":20}},"7":{"start":{"line":8,"column":0},"end":{"line":8,"column":26}},"8":{"start":{"line":9,"column":0},"end":{"line":9,"column":9}},"9":{"start":{"line":10,"column":0},"end":{"line":10,"column":0}},"10":{"start":{"line":11,"column":0},"end":{"line":11,"column":10}},"11":{"start":{"line":12,"column":0},"end":{"line":12,"column":20}},"12":{"start":{"line":13,"column":0},"end":{"line":13,"column":34}},"13":{"start":{"line":14,"column":0},"end":{"line":14,"column":20}},"14":{"start":{"line":15,"column":0},"end":{"line":15,"column":72}},"15":{"start":{"line":16,"column":0},"end":{"line":16,"column":7}},"16":{"start":{"line":17,"column":0},"end":{"line":17,"column":10}},"17":{"start":{"line":18,"column":0},"end":{"line":18,"column":56}},"18":{"start":{"line":19,"column":0},"end":{"line":19,"column":8}},"19":{"start":{"line":20,"column":0},"end":{"line":20,"column":8}},"20":{"start":{"line":21,"column":0},"end":{"line":21,"column":0}},"21":{"start":{"line":22,"column":0},"end":{"line":22,"column":5}},"22":{"start":{"line":23,"column":0},"end":{"line":23,"column":13}},"23":{"start":{"line":24,"column":0},"end":{"line":24,"column":76}},"24":{"start":{"line":25,"column":0},"end":{"line":25,"column":20}},"25":{"start":{"line":26,"column":0},"end":{"line":26,"column":38}},"26":{"start":{"line":27,"column":0},"end":{"line":27,"column":6}},"27":{"start":{"line":28,"column":0},"end":{"line":28,"column":5}},"28":{"start":{"line":29,"column":0},"end":{"line":29,"column":11}},"29":{"start":{"line":30,"column":0},"end":{"line":30,"column":79}},"30":{"start":{"line":31,"column":0},"end":{"line":31,"column":31}},"31":{"start":{"line":32,"column":0},"end":{"line":32,"column":6}},"32":{"start":{"line":33,"column":0},"end":{"line":33,"column":76}},"33":{"start":{"line":34,"column":0},"end":{"line":34,"column":11}},"34":{"start":{"line":35,"column":0},"end":{"line":35,"column":0}},"35":{"start":{"line":36,"column":0},"end":{"line":36,"column":14}},"36":{"start":{"line":37,"column":0},"end":{"line":37,"column":16}},"37":{"start":{"line":38,"column":0},"end":{"line":38,"column":14}},"38":{"start":{"line":39,"column":0},"end":{"line":39,"column":1}},"39":{"start":{"line":40,"column":0},"end":{"line":40,"column":8}}},"s":{"0":0,"1":0,"2":0,"3":0,"4":0,"5":0,"6":0,"7":0,"8":0,"9":0,"10":0,"11":0,"12":0,"13":0,"14":0,"15":0,"16":0,"17":0,"18":0,"19":0,"20":0,"21":0,"22":0,"23":0,"24":0,"25":0,"26":0,"27":0,"28":0,"29":0,"30":0,"31":0,"32":0,"33":0,"34":0,"35":0,"36":0,"37":0,"38":0,"39":0},"branchMap":{"0":{"type":"branch","line":1,"loc":{"start":{"line":1,"column":0},"end":{"line":40,"column":8}},"locations":[{"start":{"line":1,"column":0},"end":{"line":40,"column":8}}]}},"b":{"0":[0]},"fnMap":{"0":{"name":"(empty-report)","decl":{"start":{"line":1,"column":0},"end":{"line":40,"column":8}},"loc":{"start":{"line":1,"column":0},"end":{"line":40,"column":8}},"line":1}},"f":{"0":0}}
}
