{"/Users/timoduizhang/Documents/workspace/study/QuickUtil/es/index.js": {"path":"/Users/timoduizhang/Documents/workspace/study/QuickUtil/es/index.js","all":true,"statementMap":{"0":{"start":{"line":1,"column":0},"end":{"line":1,"column":18}},"1":{"start":{"line":2,"column":0},"end":{"line":2,"column":15}},"2":{"start":{"line":3,"column":0},"end":{"line":3,"column":1}},"3":{"start":{"line":4,"column":0},"end":{"line":4,"column":8}},"4":{"start":{"line":5,"column":0},"end":{"line":5,"column":10}},"5":{"start":{"line":6,"column":0},"end":{"line":6,"column":2}}},"s":{"0":0,"1":0,"2":0,"3":0,"4":0,"5":0},"branchMap":{"0":{"type":"branch","line":1,"loc":{"start":{"line":1,"column":0},"end":{"line":6,"column":2}},"locations":[{"start":{"line":1,"column":0},"end":{"line":6,"column":2}}]}},"b":{"0":[0]},"fnMap":{"0":{"name":"(empty-report)","decl":{"start":{"line":1,"column":0},"end":{"line":6,"column":2}},"loc":{"start":{"line":1,"column":0},"end":{"line":6,"column":2}},"line":1}},"f":{"0":0}}
,"/Users/timoduizhang/Documents/workspace/study/QuickUtil/src/App.vue": {"path":"/Users/timoduizhang/Documents/workspace/study/QuickUtil/src/App.vue","all":true,"statementMap":{"0":{"start":{"line":1,"column":0},"end":{"line":1,"column":24}},"1":{"start":{"line":2,"column":0},"end":{"line":2,"column":52}},"2":{"start":{"line":3,"column":0},"end":{"line":3,"column":9}},"3":{"start":{"line":4,"column":0},"end":{"line":4,"column":0}},"4":{"start":{"line":5,"column":0},"end":{"line":5,"column":10}},"5":{"start":{"line":6,"column":0},"end":{"line":6,"column":7}},"6":{"start":{"line":7,"column":0},"end":{"line":7,"column":49}},"7":{"start":{"line":8,"column":0},"end":{"line":8,"column":58}},"8":{"start":{"line":9,"column":0},"end":{"line":9,"column":8}},"9":{"start":{"line":10,"column":0},"end":{"line":10,"column":49}},"10":{"start":{"line":11,"column":0},"end":{"line":11,"column":68}},"11":{"start":{"line":12,"column":0},"end":{"line":12,"column":8}},"12":{"start":{"line":13,"column":0},"end":{"line":13,"column":8}},"13":{"start":{"line":14,"column":0},"end":{"line":14,"column":33}},"14":{"start":{"line":15,"column":0},"end":{"line":15,"column":11}},"15":{"start":{"line":16,"column":0},"end":{"line":16,"column":0}},"16":{"start":{"line":17,"column":0},"end":{"line":17,"column":14}},"17":{"start":{"line":18,"column":0},"end":{"line":18,"column":7}},"18":{"start":{"line":19,"column":0},"end":{"line":19,"column":14}},"19":{"start":{"line":20,"column":0},"end":{"line":20,"column":17}},"20":{"start":{"line":21,"column":0},"end":{"line":21,"column":22}},"21":{"start":{"line":22,"column":0},"end":{"line":22,"column":27}},"22":{"start":{"line":23,"column":0},"end":{"line":23,"column":1}},"23":{"start":{"line":24,"column":0},"end":{"line":24,"column":13}},"24":{"start":{"line":25,"column":0},"end":{"line":25,"column":41}},"25":{"start":{"line":26,"column":0},"end":{"line":26,"column":1}},"26":{"start":{"line":27,"column":0},"end":{"line":27,"column":17}},"27":{"start":{"line":28,"column":0},"end":{"line":28,"column":41}},"28":{"start":{"line":29,"column":0},"end":{"line":29,"column":1}},"29":{"start":{"line":30,"column":0},"end":{"line":30,"column":8}}},"s":{"0":0,"1":0,"2":0,"3":0,"4":0,"5":0,"6":0,"7":0,"8":0,"9":0,"10":0,"11":0,"12":0,"13":0,"14":0,"15":0,"16":0,"17":0,"18":0,"19":0,"20":0,"21":0,"22":0,"23":0,"24":0,"25":0,"26":0,"27":0,"28":0,"29":0},"branchMap":{"0":{"type":"branch","line":1,"loc":{"start":{"line":1,"column":0},"end":{"line":30,"column":8}},"locations":[{"start":{"line":1,"column":0},"end":{"line":30,"column":8}}]}},"b":{"0":[0]},"fnMap":{"0":{"name":"(empty-report)","decl":{"start":{"line":1,"column":0},"end":{"line":30,"column":8}},"loc":{"start":{"line":1,"column":0},"end":{"line":30,"column":8}},"line":1}},"f":{"0":0}}
,"/Users/timoduizhang/Documents/workspace/study/QuickUtil/src/index.ts": {"path":"/Users/timoduizhang/Documents/workspace/study/QuickUtil/src/index.ts","all":true,"statementMap":{"0":{"start":{"line":1,"column":0},"end":{"line":1,"column":22}}},"s":{"0":0},"branchMap":{"0":{"type":"branch","line":1,"loc":{"start":{"line":1,"column":0},"end":{"line":1,"column":22}},"locations":[{"start":{"line":1,"column":0},"end":{"line":1,"column":22}}]}},"b":{"0":[0]},"fnMap":{"0":{"name":"(empty-report)","decl":{"start":{"line":1,"column":0},"end":{"line":1,"column":22}},"loc":{"start":{"line":1,"column":0},"end":{"line":1,"column":22}},"line":1}},"f":{"0":0}}
,"/Users/timoduizhang/Documents/workspace/study/QuickUtil/src/main.ts": {"path":"/Users/timoduizhang/Documents/workspace/study/QuickUtil/src/main.ts","all":true,"statementMap":{"0":{"start":{"line":1,"column":0},"end":{"line":1,"column":31}},"1":{"start":{"line":2,"column":0},"end":{"line":2,"column":20}},"2":{"start":{"line":3,"column":0},"end":{"line":3,"column":27}},"3":{"start":{"line":4,"column":0},"end":{"line":4,"column":0}},"4":{"start":{"line":5,"column":0},"end":{"line":5,"column":28}}},"s":{"0":0,"1":0,"2":0,"3":0,"4":0},"branchMap":{"0":{"type":"branch","line":1,"loc":{"start":{"line":1,"column":0},"end":{"line":5,"column":28}},"locations":[{"start":{"line":1,"column":0},"end":{"line":5,"column":28}}]}},"b":{"0":[0]},"fnMap":{"0":{"name":"(empty-report)","decl":{"start":{"line":1,"column":0},"end":{"line":5,"column":28}},"loc":{"start":{"line":1,"column":0},"end":{"line":5,"column":28}},"line":1}},"f":{"0":0}}
,"/Users/timoduizhang/Documents/workspace/study/QuickUtil/src/Date/index.ts": {"path":"/Users/timoduizhang/Documents/workspace/study/QuickUtil/src/Date/index.ts","all":false,"statementMap":{"0":{"start":{"line":1,"column":0},"end":{"line":1,"column":12}},"1":{"start":{"line":2,"column":0},"end":{"line":2,"column":40}},"2":{"start":{"line":3,"column":0},"end":{"line":3,"column":28}},"3":{"start":{"line":4,"column":0},"end":{"line":4,"column":28}},"4":{"start":{"line":5,"column":0},"end":{"line":5,"column":34}},"5":{"start":{"line":6,"column":0},"end":{"line":6,"column":33}},"6":{"start":{"line":7,"column":0},"end":{"line":7,"column":28}},"7":{"start":{"line":8,"column":0},"end":{"line":8,"column":1}},"8":{"start":{"line":9,"column":0},"end":{"line":9,"column":0}},"9":{"start":{"line":10,"column":0},"end":{"line":10,"column":3}},"10":{"start":{"line":11,"column":0},"end":{"line":11,"column":8}},"11":{"start":{"line":12,"column":0},"end":{"line":12,"column":25}},"12":{"start":{"line":13,"column":0},"end":{"line":13,"column":12}},"13":{"start":{"line":14,"column":0},"end":{"line":14,"column":3}},"14":{"start":{"line":15,"column":0},"end":{"line":15,"column":61}},"15":{"start":{"line":16,"column":0},"end":{"line":16,"column":93}},"16":{"start":{"line":17,"column":0},"end":{"line":17,"column":1}},"17":{"start":{"line":18,"column":0},"end":{"line":18,"column":9}},"18":{"start":{"line":19,"column":0},"end":{"line":19,"column":75}},"19":{"start":{"line":20,"column":0},"end":{"line":20,"column":15}},"20":{"start":{"line":21,"column":0},"end":{"line":21,"column":6}},"21":{"start":{"line":22,"column":0},"end":{"line":22,"column":0}},"22":{"start":{"line":23,"column":0},"end":{"line":23,"column":3}},"23":{"start":{"line":24,"column":0},"end":{"line":24,"column":2}},"24":{"start":{"line":25,"column":0},"end":{"line":25,"column":25}},"25":{"start":{"line":26,"column":0},"end":{"line":26,"column":44}},"26":{"start":{"line":27,"column":0},"end":{"line":27,"column":0}},"27":{"start":{"line":28,"column":0},"end":{"line":28,"column":50}},"28":{"start":{"line":29,"column":0},"end":{"line":29,"column":36}},"29":{"start":{"line":30,"column":0},"end":{"line":30,"column":0}},"30":{"start":{"line":31,"column":0},"end":{"line":31,"column":20}},"31":{"start":{"line":32,"column":0},"end":{"line":32,"column":16}},"32":{"start":{"line":33,"column":0},"end":{"line":33,"column":57}},"33":{"start":{"line":34,"column":0},"end":{"line":34,"column":35}},"34":{"start":{"line":35,"column":0},"end":{"line":35,"column":38}},"35":{"start":{"line":36,"column":0},"end":{"line":36,"column":42}},"36":{"start":{"line":37,"column":0},"end":{"line":37,"column":67}},"37":{"start":{"line":38,"column":0},"end":{"line":38,"column":12}},"38":{"start":{"line":39,"column":0},"end":{"line":39,"column":96}},"39":{"start":{"line":40,"column":0},"end":{"line":40,"column":60}},"40":{"start":{"line":41,"column":0},"end":{"line":41,"column":63}},"41":{"start":{"line":42,"column":0},"end":{"line":42,"column":67}},"42":{"start":{"line":43,"column":0},"end":{"line":43,"column":67}},"43":{"start":{"line":44,"column":0},"end":{"line":44,"column":6}},"44":{"start":{"line":45,"column":0},"end":{"line":45,"column":0}},"45":{"start":{"line":46,"column":0},"end":{"line":46,"column":29}},"46":{"start":{"line":47,"column":0},"end":{"line":47,"column":17}},"47":{"start":{"line":48,"column":0},"end":{"line":48,"column":27}},"48":{"start":{"line":49,"column":0},"end":{"line":49,"column":81}},"49":{"start":{"line":50,"column":0},"end":{"line":50,"column":4}},"50":{"start":{"line":51,"column":0},"end":{"line":51,"column":81}},"51":{"start":{"line":52,"column":0},"end":{"line":52,"column":4}},"52":{"start":{"line":53,"column":0},"end":{"line":53,"column":77}},"53":{"start":{"line":54,"column":0},"end":{"line":54,"column":4}},"54":{"start":{"line":55,"column":0},"end":{"line":55,"column":78}},"55":{"start":{"line":56,"column":0},"end":{"line":56,"column":2}},"56":{"start":{"line":57,"column":0},"end":{"line":57,"column":79}},"57":{"start":{"line":58,"column":0},"end":{"line":58,"column":3}},"58":{"start":{"line":59,"column":0},"end":{"line":59,"column":83}},"59":{"start":{"line":60,"column":0},"end":{"line":60,"column":3}},"60":{"start":{"line":61,"column":0},"end":{"line":61,"column":71}},"61":{"start":{"line":62,"column":0},"end":{"line":62,"column":0}},"62":{"start":{"line":63,"column":0},"end":{"line":63,"column":16}},"63":{"start":{"line":64,"column":0},"end":{"line":64,"column":116}},"64":{"start":{"line":65,"column":0},"end":{"line":65,"column":16}},"65":{"start":{"line":66,"column":0},"end":{"line":66,"column":84}},"66":{"start":{"line":67,"column":0},"end":{"line":67,"column":27}},"67":{"start":{"line":68,"column":0},"end":{"line":68,"column":1}}},"s":{"0":1,"1":1,"2":1,"3":1,"4":1,"5":1,"6":1,"7":1,"8":1,"9":1,"10":1,"11":1,"12":1,"13":1,"14":1,"15":4,"16":4,"17":4,"18":4,"19":2,"20":2,"21":2,"22":2,"23":2,"24":2,"25":2,"26":2,"27":2,"28":2,"29":2,"30":2,"31":4,"32":0,"33":0,"34":0,"35":0,"36":0,"37":4,"38":2,"39":2,"40":2,"41":2,"42":2,"43":2,"44":2,"45":2,"46":2,"47":2,"48":4,"49":2,"50":4,"51":2,"52":4,"53":2,"54":4,"55":2,"56":4,"57":2,"58":4,"59":2,"60":2,"61":2,"62":2,"63":4,"64":2,"65":4,"66":2,"67":2},"branchMap":{"0":{"type":"branch","line":15,"loc":{"start":{"line":15,"column":7},"end":{"line":68,"column":1}},"locations":[{"start":{"line":15,"column":7},"end":{"line":68,"column":1}}]},"1":{"type":"branch","line":19,"loc":{"start":{"line":19,"column":30},"end":{"line":19,"column":74}},"locations":[{"start":{"line":19,"column":30},"end":{"line":19,"column":74}}]},"2":{"type":"branch","line":19,"loc":{"start":{"line":19,"column":74},"end":{"line":32,"column":15}},"locations":[{"start":{"line":19,"column":74},"end":{"line":32,"column":15}}]},"3":{"type":"branch","line":32,"loc":{"start":{"line":32,"column":15},"end":{"line":38,"column":11}},"locations":[{"start":{"line":32,"column":15},"end":{"line":38,"column":11}}]},"4":{"type":"branch","line":38,"loc":{"start":{"line":38,"column":4},"end":{"line":49,"column":25}},"locations":[{"start":{"line":38,"column":4},"end":{"line":49,"column":25}}]},"5":{"type":"branch","line":49,"loc":{"start":{"line":49,"column":34},"end":{"line":51,"column":25}},"locations":[{"start":{"line":49,"column":34},"end":{"line":51,"column":25}}]},"6":{"type":"branch","line":49,"loc":{"start":{"line":49,"column":60},"end":{"line":49,"column":72}},"locations":[{"start":{"line":49,"column":60},"end":{"line":49,"column":72}}]},"7":{"type":"branch","line":49,"loc":{"start":{"line":49,"column":68},"end":{"line":49,"column":78}},"locations":[{"start":{"line":49,"column":68},"end":{"line":49,"column":78}}]},"8":{"type":"branch","line":51,"loc":{"start":{"line":51,"column":33},"end":{"line":53,"column":25}},"locations":[{"start":{"line":51,"column":33},"end":{"line":53,"column":25}}]},"9":{"type":"branch","line":51,"loc":{"start":{"line":51,"column":60},"end":{"line":51,"column":72}},"locations":[{"start":{"line":51,"column":60},"end":{"line":51,"column":72}}]},"10":{"type":"branch","line":51,"loc":{"start":{"line":51,"column":68},"end":{"line":51,"column":78}},"locations":[{"start":{"line":51,"column":68},"end":{"line":51,"column":78}}]},"11":{"type":"branch","line":53,"loc":{"start":{"line":53,"column":33},"end":{"line":55,"column":25}},"locations":[{"start":{"line":53,"column":33},"end":{"line":55,"column":25}}]},"12":{"type":"branch","line":53,"loc":{"start":{"line":53,"column":58},"end":{"line":53,"column":70}},"locations":[{"start":{"line":53,"column":58},"end":{"line":53,"column":70}}]},"13":{"type":"branch","line":53,"loc":{"start":{"line":53,"column":66},"end":{"line":53,"column":74}},"locations":[{"start":{"line":53,"column":66},"end":{"line":53,"column":74}}]},"14":{"type":"branch","line":55,"loc":{"start":{"line":55,"column":33},"end":{"line":57,"column":25}},"locations":[{"start":{"line":55,"column":33},"end":{"line":57,"column":25}}]},"15":{"type":"branch","line":55,"loc":{"start":{"line":55,"column":60},"end":{"line":55,"column":72}},"locations":[{"start":{"line":55,"column":60},"end":{"line":55,"column":72}}]},"16":{"type":"branch","line":55,"loc":{"start":{"line":55,"column":68},"end":{"line":55,"column":75}},"locations":[{"start":{"line":55,"column":68},"end":{"line":55,"column":75}}]},"17":{"type":"branch","line":57,"loc":{"start":{"line":57,"column":32},"end":{"line":59,"column":25}},"locations":[{"start":{"line":57,"column":32},"end":{"line":59,"column":25}}]},"18":{"type":"branch","line":57,"loc":{"start":{"line":57,"column":61},"end":{"line":57,"column":73}},"locations":[{"start":{"line":57,"column":61},"end":{"line":57,"column":73}}]},"19":{"type":"branch","line":57,"loc":{"start":{"line":57,"column":69},"end":{"line":57,"column":76}},"locations":[{"start":{"line":57,"column":69},"end":{"line":57,"column":76}}]},"20":{"type":"branch","line":59,"loc":{"start":{"line":59,"column":33},"end":{"line":64,"column":19}},"locations":[{"start":{"line":59,"column":33},"end":{"line":64,"column":19}}]},"21":{"type":"branch","line":59,"loc":{"start":{"line":59,"column":62},"end":{"line":59,"column":74}},"locations":[{"start":{"line":59,"column":62},"end":{"line":59,"column":74}}]},"22":{"type":"branch","line":59,"loc":{"start":{"line":59,"column":70},"end":{"line":59,"column":80}},"locations":[{"start":{"line":59,"column":70},"end":{"line":59,"column":80}}]},"23":{"type":"branch","line":64,"loc":{"start":{"line":64,"column":9},"end":{"line":64,"column":69}},"locations":[{"start":{"line":64,"column":9},"end":{"line":64,"column":69}}]},"24":{"type":"branch","line":64,"loc":{"start":{"line":64,"column":40},"end":{"line":64,"column":69}},"locations":[{"start":{"line":64,"column":40},"end":{"line":64,"column":69}}]},"25":{"type":"branch","line":64,"loc":{"start":{"line":64,"column":69},"end":{"line":64,"column":116}},"locations":[{"start":{"line":64,"column":69},"end":{"line":64,"column":116}}]},"26":{"type":"branch","line":64,"loc":{"start":{"line":64,"column":114},"end":{"line":66,"column":25}},"locations":[{"start":{"line":64,"column":114},"end":{"line":66,"column":25}}]},"27":{"type":"branch","line":66,"loc":{"start":{"line":66,"column":33},"end":{"line":68,"column":1}},"locations":[{"start":{"line":66,"column":33},"end":{"line":68,"column":1}}]},"28":{"type":"branch","line":61,"loc":{"start":{"line":61,"column":30},"end":{"line":61,"column":60}},"locations":[{"start":{"line":61,"column":30},"end":{"line":61,"column":60}}]}},"b":{"0":[4],"1":[3],"2":[2],"3":[0],"4":[2],"5":[2],"6":[1],"7":[1],"8":[2],"9":[1],"10":[1],"11":[2],"12":[1],"13":[1],"14":[2],"15":[1],"16":[1],"17":[2],"18":[1],"19":[1],"20":[2],"21":[1],"22":[1],"23":[1],"24":[0],"25":[1],"26":[2],"27":[2],"28":[12]},"fnMap":{"0":{"name":"dateToChinese","decl":{"start":{"line":15,"column":7},"end":{"line":68,"column":1}},"loc":{"start":{"line":15,"column":7},"end":{"line":68,"column":1}},"line":15}},"f":{"0":4}}
,"/Users/timoduizhang/Documents/workspace/study/QuickUtil/src/components/HelloWorld.vue": {"path":"/Users/timoduizhang/Documents/workspace/study/QuickUtil/src/components/HelloWorld.vue","all":true,"statementMap":{"0":{"start":{"line":1,"column":0},"end":{"line":1,"column":24}},"1":{"start":{"line":2,"column":0},"end":{"line":2,"column":25}},"2":{"start":{"line":3,"column":0},"end":{"line":3,"column":33}},"3":{"start":{"line":4,"column":0},"end":{"line":4,"column":0}},"4":{"start":{"line":5,"column":0},"end":{"line":5,"column":30}},"5":{"start":{"line":6,"column":0},"end":{"line":6,"column":0}},"6":{"start":{"line":7,"column":0},"end":{"line":7,"column":20}},"7":{"start":{"line":8,"column":0},"end":{"line":8,"column":26}},"8":{"start":{"line":9,"column":0},"end":{"line":9,"column":9}},"9":{"start":{"line":10,"column":0},"end":{"line":10,"column":0}},"10":{"start":{"line":11,"column":0},"end":{"line":11,"column":10}},"11":{"start":{"line":12,"column":0},"end":{"line":12,"column":20}},"12":{"start":{"line":13,"column":0},"end":{"line":13,"column":0}},"13":{"start":{"line":14,"column":0},"end":{"line":14,"column":20}},"14":{"start":{"line":15,"column":0},"end":{"line":15,"column":72}},"15":{"start":{"line":16,"column":0},"end":{"line":16,"column":7}},"16":{"start":{"line":17,"column":0},"end":{"line":17,"column":10}},"17":{"start":{"line":18,"column":0},"end":{"line":18,"column":56}},"18":{"start":{"line":19,"column":0},"end":{"line":19,"column":8}},"19":{"start":{"line":20,"column":0},"end":{"line":20,"column":8}},"20":{"start":{"line":21,"column":0},"end":{"line":21,"column":0}},"21":{"start":{"line":22,"column":0},"end":{"line":22,"column":5}},"22":{"start":{"line":23,"column":0},"end":{"line":23,"column":13}},"23":{"start":{"line":24,"column":0},"end":{"line":24,"column":124}},"24":{"start":{"line":25,"column":0},"end":{"line":25,"column":6}},"25":{"start":{"line":26,"column":0},"end":{"line":26,"column":5}},"26":{"start":{"line":27,"column":0},"end":{"line":27,"column":11}},"27":{"start":{"line":28,"column":0},"end":{"line":28,"column":79}},"28":{"start":{"line":29,"column":0},"end":{"line":29,"column":31}},"29":{"start":{"line":30,"column":0},"end":{"line":30,"column":6}},"30":{"start":{"line":31,"column":0},"end":{"line":31,"column":76}},"31":{"start":{"line":32,"column":0},"end":{"line":32,"column":11}},"32":{"start":{"line":33,"column":0},"end":{"line":33,"column":0}},"33":{"start":{"line":34,"column":0},"end":{"line":34,"column":14}},"34":{"start":{"line":35,"column":0},"end":{"line":35,"column":16}},"35":{"start":{"line":36,"column":0},"end":{"line":36,"column":14}},"36":{"start":{"line":37,"column":0},"end":{"line":37,"column":1}},"37":{"start":{"line":38,"column":0},"end":{"line":38,"column":8}}},"s":{"0":0,"1":0,"2":0,"3":0,"4":0,"5":0,"6":0,"7":0,"8":0,"9":0,"10":0,"11":0,"12":0,"13":0,"14":0,"15":0,"16":0,"17":0,"18":0,"19":0,"20":0,"21":0,"22":0,"23":0,"24":0,"25":0,"26":0,"27":0,"28":0,"29":0,"30":0,"31":0,"32":0,"33":0,"34":0,"35":0,"36":0,"37":0},"branchMap":{"0":{"type":"branch","line":1,"loc":{"start":{"line":1,"column":0},"end":{"line":38,"column":8}},"locations":[{"start":{"line":1,"column":0},"end":{"line":38,"column":8}}]}},"b":{"0":[0]},"fnMap":{"0":{"name":"(empty-report)","decl":{"start":{"line":1,"column":0},"end":{"line":38,"column":8}},"loc":{"start":{"line":1,"column":0},"end":{"line":38,"column":8}},"line":1}},"f":{"0":0}}
}
